Using pre-set license
Built from '2021.3/staging' branch; Version is '2021.3.3f1 (af2e63e8f9bd) revision 11480675'; Using compiler version '192829333'; Build Type 'Release'
OS: 'Windows 10  (10.0.19044) 64bit Professional' Language: 'en' Physical Memory: 16298 MB
BatchMode: 1, IsHumanControllingUs: 0, StartBugReporterOnCrash: 0, Is64bit: 1, IsPro: 1

COMMAND LINE ARGUMENTS:
C:\Program Files\Unity\Hub\Editor\2021.3.3f1\Editor\Unity.exe
-adb2
-batchMode
-noUpm
-name
AssetImportWorker0
-projectPath
D:/School/GAME 312/Lab 2 - Robot Rampage 2022
-logFile
Logs/AssetImportWorker0.log
-srvPort
57210
Successfully changed project path to: D:/School/GAME 312/Lab 2 - Robot Rampage 2022
D:/School/GAME 312/Lab 2 - Robot Rampage 2022
[UnityMemory] Configuration Parameters - Can be set up in boot.config
    "memorysetup-bucket-allocator-granularity=16"
    "memorysetup-bucket-allocator-bucket-count=8"
    "memorysetup-bucket-allocator-block-size=33554432"
    "memorysetup-bucket-allocator-block-count=8"
    "memorysetup-main-allocator-block-size=16777216"
    "memorysetup-thread-allocator-block-size=16777216"
    "memorysetup-gfx-main-allocator-block-size=16777216"
    "memorysetup-gfx-thread-allocator-block-size=16777216"
    "memorysetup-cache-allocator-block-size=4194304"
    "memorysetup-typetree-allocator-block-size=2097152"
    "memorysetup-profiler-bucket-allocator-granularity=16"
    "memorysetup-profiler-bucket-allocator-bucket-count=8"
    "memorysetup-profiler-bucket-allocator-block-size=33554432"
    "memorysetup-profiler-bucket-allocator-block-count=8"
    "memorysetup-profiler-allocator-block-size=16777216"
    "memorysetup-profiler-editor-allocator-block-size=1048576"
    "memorysetup-temp-allocator-size-main=16777216"
    "memorysetup-job-temp-allocator-block-size=2097152"
    "memorysetup-job-temp-allocator-block-size-background=1048576"
    "memorysetup-job-temp-allocator-reduction-small-platforms=262144"
    "memorysetup-temp-allocator-size-background-worker=32768"
    "memorysetup-temp-allocator-size-job-worker=262144"
    "memorysetup-temp-allocator-size-preload-manager=33554432"
    "memorysetup-temp-allocator-size-nav-mesh-worker=65536"
    "memorysetup-temp-allocator-size-audio-worker=65536"
    "memorysetup-temp-allocator-size-cloud-worker=32768"
    "memorysetup-temp-allocator-size-gi-baking-worker=262144"
    "memorysetup-temp-allocator-size-gfx=262144"
Refreshing native plugins compatible for Editor in 56.55 ms, found 3 plugins.
Preloading 0 native plugins for Editor in 0.00 ms.
Initialize engine version: 2021.3.3f1 (af2e63e8f9bd)
[Subsystems] Discovering subsystems at path C:/Program Files/Unity/Hub/Editor/2021.3.3f1/Editor/Data/Resources/UnitySubsystems
[Subsystems] Discovering subsystems at path D:/School/GAME 312/Lab 2 - Robot Rampage 2022/Assets
GfxDevice: creating device client; threaded=0; jobified=0
Direct3D:
    Version:  Direct3D 11.0 [level 11.1]
    Renderer: AMD Radeon RX 6700 XT (ID=0x73df)
    Vendor:   ATI
    VRAM:     12243 MB
    Driver:   30.0.15002.1004
Initialize mono
Mono path[0] = 'C:/Program Files/Unity/Hub/Editor/2021.3.3f1/Editor/Data/Managed'
Mono path[1] = 'C:/Program Files/Unity/Hub/Editor/2021.3.3f1/Editor/Data/MonoBleedingEdge/lib/mono/unityjit-win32'
Mono config path = 'C:/Program Files/Unity/Hub/Editor/2021.3.3f1/Editor/Data/MonoBleedingEdge/etc'
Using monoOptions --debugger-agent=transport=dt_socket,embedding=1,server=y,suspend=n,address=127.0.0.1:56988
Begin MonoManager ReloadAssembly
Registering precompiled unity dll's ...
Register platform support module: C:/Program Files/Unity/Hub/Editor/2021.3.3f1/Editor/Data/PlaybackEngines/WindowsStandaloneSupport/UnityEditor.WindowsStandalone.Extensions.dll
Registered in 0.007986 seconds.
Native extension for WindowsStandalone target not found
Refreshing native plugins compatible for Editor in 59.46 ms, found 3 plugins.
Preloading 0 native plugins for Editor in 0.00 ms.
Mono: successfully reloaded assembly
- Completed reload, in  0.550 seconds
Domain Reload Profiling:
	ReloadAssembly (550ms)
		BeginReloadAssembly (70ms)
			ExecutionOrderSort (0ms)
			DisableScriptedObjects (0ms)
			BackupInstance (0ms)
			ReleaseScriptingObjects (0ms)
			CreateAndSetChildDomain (1ms)
		EndReloadAssembly (377ms)
			LoadAssemblies (67ms)
			RebuildTransferFunctionScriptingTraits (0ms)
			SetupTypeCache (86ms)
			ReleaseScriptCaches (0ms)
			RebuildScriptCaches (21ms)
			SetupLoadedEditorAssemblies (227ms)
				LogAssemblyErrors (0ms)
				InitializePlatformSupportModulesInManaged (7ms)
				SetLoadedEditorAssemblies (0ms)
				RefreshPlugins (60ms)
				BeforeProcessingInitializeOnLoad (1ms)
				ProcessInitializeOnLoadAttributes (123ms)
				ProcessInitializeOnLoadMethodAttributes (36ms)
				AfterProcessingInitializeOnLoad (0ms)
				EditorAssembliesLoaded (0ms)
			ExecutionOrderSort2 (0ms)
			AwakeInstancesAfterBackupRestoration (0ms)
Platform modules already initialized, skipping
Registering precompiled user dll's ...
Registered in 0.002947 seconds.
Begin MonoManager ReloadAssembly
Symbol file LoadedFromMemory doesn't match image D:\School\GAME 312\Lab 2 - Robot Rampage 2022\Library\PackageCache\com.unity.visualscripting@1.7.6\Editor\VisualScripting.Core\Dependencies\YamlDotNet\Unity.VisualScripting.YamlDotNet.dll
Symbol file LoadedFromMemory doesn't match image D:\School\GAME 312\Lab 2 - Robot Rampage 2022\Library\PackageCache\com.unity.visualscripting@1.7.6\Editor\VisualScripting.Core\Dependencies\DotNetZip\Unity.VisualScripting.IonicZip.dll
Native extension for WindowsStandalone target not found
Refreshing native plugins compatible for Editor in 0.63 ms, found 3 plugins.
Preloading 0 native plugins for Editor in 0.00 ms.
Mono: successfully reloaded assembly
- Completed reload, in  0.785 seconds
Domain Reload Profiling:
	ReloadAssembly (786ms)
		BeginReloadAssembly (97ms)
			ExecutionOrderSort (0ms)
			DisableScriptedObjects (5ms)
			BackupInstance (0ms)
			ReleaseScriptingObjects (0ms)
			CreateAndSetChildDomain (19ms)
		EndReloadAssembly (599ms)
			LoadAssemblies (67ms)
			RebuildTransferFunctionScriptingTraits (0ms)
			SetupTypeCache (174ms)
			ReleaseScriptCaches (0ms)
			RebuildScriptCaches (39ms)
			SetupLoadedEditorAssemblies (293ms)
				LogAssemblyErrors (0ms)
				InitializePlatformSupportModulesInManaged (5ms)
				SetLoadedEditorAssemblies (0ms)
				RefreshPlugins (1ms)
				BeforeProcessingInitializeOnLoad (70ms)
				ProcessInitializeOnLoadAttributes (184ms)
				ProcessInitializeOnLoadMethodAttributes (25ms)
				AfterProcessingInitializeOnLoad (8ms)
				EditorAssembliesLoaded (0ms)
			ExecutionOrderSort2 (0ms)
			AwakeInstancesAfterBackupRestoration (5ms)
Platform modules already initialized, skipping
========================================================================
Worker process is ready to serve import requests
Launched and connected shader compiler UnityShaderCompiler.exe after 0.04 seconds
Refreshing native plugins compatible for Editor in 0.87 ms, found 3 plugins.
Preloading 0 native plugins for Editor in 0.00 ms.
Unloading 3239 Unused Serialized files (Serialized files now loaded: 0)
Unloading 23 unused Assets / (55.6 KB). Loaded Objects now: 3699.
Memory consumption went from 111.4 MB to 111.3 MB.
Total: 3.332900 ms (FindLiveObjects: 0.297100 ms CreateObjectMapping: 0.077400 ms MarkObjects: 2.864200 ms  DeleteObjects: 0.093500 ms)

AssetImportParameters requested are different than current active one (requested -> active):
  custom:video-decoder-ogg-theora: a1e56fd34408186e4bbccfd4996cb3dc -> 
  custom:container-muxer-webm: aa71ff27fc2769a1b78a27578f13a17b -> 
  custom:container-demuxer-webm: 4f35f7cbe854078d1ac9338744f61a02 -> 
  custom:video-encoder-webm-vp8: eb34c28f22e8b96e1ab97ce403110664 -> 
  custom:audio-encoder-webm-vorbis: bf7c407c2cedff20999df2af8eb42d56 -> 
  custom:framework-win-MediaFoundation: 216162199b28c13a410421893ffa2e32 -> 
  custom:container-demuxer-ogg: 62fdf1f143b41e24485cea50d1cbac27 -> 
  custom:video-decoder-webm-vp8: 9c59270c3fd7afecdb556c50c9e8de78 -> 
  custom:audio-decoder-ogg-vorbis: bf7c407c2cedff20999df2af8eb42d56 -> 
========================================================================
Received Import Request.
  Time since last request: 470716.928806 seconds.
  path: Assets/Ground.mat
  artifactKey: Guid(142e589b0db054510acb8c6dacc1fd2c) Importer(815301076,1909f56bfc062723c751e8b465ee728b)
Start importing Assets/Ground.mat using Guid(142e589b0db054510acb8c6dacc1fd2c) Importer(815301076,1909f56bfc062723c751e8b465ee728b)  -> (artifact id: 'd4c8d6990ffac7eefaf95e3fb82da734') in 0.291052 seconds 
========================================================================
Received Import Request.
  Time since last request: 0.833458 seconds.
  path: Assets/Scenes
  artifactKey: Guid(392976f56947ed946adb6edaed62e3e9) Importer(815301076,1909f56bfc062723c751e8b465ee728b)
Start importing Assets/Scenes using Guid(392976f56947ed946adb6edaed62e3e9) Importer(815301076,1909f56bfc062723c751e8b465ee728b)  -> (artifact id: '96cb16baf36cf5ae6344835b8c5150a5') in 0.003596 seconds 
========================================================================
Received Import Request.
  Time since last request: 1.151640 seconds.
  path: Assets/Scenes/Battle.unity
  artifactKey: Guid(464b33b06798b824a9895be2793890b1) Importer(815301076,1909f56bfc062723c751e8b465ee728b)
Start importing Assets/Scenes/Battle.unity using Guid(464b33b06798b824a9895be2793890b1) Importer(815301076,1909f56bfc062723c751e8b465ee728b)  -> (artifact id: '55ede5120fc2e285023f5ef5e99a2b42') in 0.003816 seconds 
========================================================================
Received Import Request.
  Time since last request: 64.371919 seconds.
  path: Assets/Scenes/Battle
  artifactKey: Guid(bb94e674857b54482938c07fdcf6d8e5) Importer(815301076,1909f56bfc062723c751e8b465ee728b)
Start importing Assets/Scenes/Battle using Guid(bb94e674857b54482938c07fdcf6d8e5) Importer(815301076,1909f56bfc062723c751e8b465ee728b)  -> (artifact id: 'a4fe750c5ee73d6aff4ed80c4997fc51') in 0.004107 seconds 
========================================================================
Received Import Request.
  Time since last request: 0.037970 seconds.
  path: Assets/Scenes/Battle/LightingData.asset
  artifactKey: Guid(41716b9fe70e64fffaef05b86310e431) Importer(815301076,1909f56bfc062723c751e8b465ee728b)
Start importing Assets/Scenes/Battle/LightingData.asset using Guid(41716b9fe70e64fffaef05b86310e431) Importer(815301076,1909f56bfc062723c751e8b465ee728b) Lighting data asset ‘LightingData’ is inconsistent because 2 files out of 10 are missing. Please use Generate Lighting to rebuild the lighting data.
Lighting data asset ‘LightingData’ is incompatible with the current Unity version. Please use Generate Lighting to rebuild the lighting data. Realtime Global Illumination cannot be used until the lighting data is rebuilt.
Lighting data asset ‘LightingData’ is incompatible with the current Unity version because the scene it was baked for was not serialized. Please use Generate Lighting to rebuild the lighting data, or assign the target scene to the Lighting Data Asset in the inspector.
 -> (artifact id: '6ebb5de9727684ef9de90a5fcba60e72') in 0.017906 seconds 
========================================================================
Received Import Request.
  Time since last request: 0.000024 seconds.
  path: Assets/Scenes/Battle/ReflectionProbe-0.exr
  artifactKey: Guid(8843582a4102c47ed9c3b5d8cb45337d) Importer(815301076,1909f56bfc062723c751e8b465ee728b)
Start importing Assets/Scenes/Battle/ReflectionProbe-0.exr using Guid(8843582a4102c47ed9c3b5d8cb45337d) Importer(815301076,1909f56bfc062723c751e8b465ee728b)  -> (artifact id: 'fc42d6dafd97153e482a7f538c9799d0') in 0.035392 seconds 
========================================================================
Received Import Request.
  Time since last request: 4.404151 seconds.
  path: Assets/Resources/BlueRobot.prefab
  artifactKey: Guid(dfdbe8e902e4c764986125cb5abd918c) Importer(815301076,1909f56bfc062723c751e8b465ee728b)
Start importing Assets/Resources/BlueRobot.prefab using Guid(dfdbe8e902e4c764986125cb5abd918c) Importer(815301076,1909f56bfc062723c751e8b465ee728b)  -> (artifact id: '8f5f6a75e1202ed7b956ddc6f38e3922') in 0.030761 seconds 
========================================================================
Received Import Request.
  Time since last request: 0.000027 seconds.
  path: Assets/Resources/PickupAmmoShotgun.prefab
  artifactKey: Guid(f63c0b459fd76144792bca76fd75aa66) Importer(815301076,1909f56bfc062723c751e8b465ee728b)
Start importing Assets/Resources/PickupAmmoShotgun.prefab using Guid(f63c0b459fd76144792bca76fd75aa66) Importer(815301076,1909f56bfc062723c751e8b465ee728b)  -> (artifact id: '582a225e28dfcf1b72437ab33f24ae37') in 0.013883 seconds 
========================================================================
Received Import Request.
  Time since last request: 0.000019 seconds.
  path: Assets/Resources/PickupHealth.prefab
  artifactKey: Guid(f5e95b12a937f0d4995d12cf6a35495a) Importer(815301076,1909f56bfc062723c751e8b465ee728b)
Start importing Assets/Resources/PickupHealth.prefab using Guid(f5e95b12a937f0d4995d12cf6a35495a) Importer(815301076,1909f56bfc062723c751e8b465ee728b)  -> (artifact id: 'ccec4c464e63fb747924a61872e423c0') in 0.012034 seconds 
========================================================================
Received Import Request.
  Time since last request: 0.000024 seconds.
  path: Assets/Resources/RobotRampageTitle.prefab
  artifactKey: Guid(3c3824acc2aa69f4b892c604ccf56166) Importer(815301076,1909f56bfc062723c751e8b465ee728b)
Start importing Assets/Resources/RobotRampageTitle.prefab using Guid(3c3824acc2aa69f4b892c604ccf56166) Importer(815301076,1909f56bfc062723c751e8b465ee728b)  -> (artifact id: 'b6d48287200cf66b48f9c9d4a5f2fa20') in 0.012744 seconds 
========================================================================
Received Import Request.
  Time since last request: 0.000035 seconds.
  path: Assets/Resources/Teleporter.prefab
  artifactKey: Guid(ef92121b8b2e99d4480871066fe2ef02) Importer(815301076,1909f56bfc062723c751e8b465ee728b)
Start importing Assets/Resources/Teleporter.prefab using Guid(ef92121b8b2e99d4480871066fe2ef02) Importer(815301076,1909f56bfc062723c751e8b465ee728b)  -> (artifact id: '9dd0ece676e9300612b209a7db2f9f24') in 0.033025 seconds 
========================================================================
Received Import Request.
  Time since last request: 0.000022 seconds.
  path: Assets/Resources/PickupAmmoPistol.prefab
  artifactKey: Guid(940aaf910dbb38a48b630d4a7f743587) Importer(815301076,1909f56bfc062723c751e8b465ee728b)
Start importing Assets/Resources/PickupAmmoPistol.prefab using Guid(940aaf910dbb38a48b630d4a7f743587) Importer(815301076,1909f56bfc062723c751e8b465ee728b)  -> (artifact id: '5530ae6f8a2ebd6b58c171e8e77d9d6a') in 0.013208 seconds 
========================================================================
Received Import Request.
  Time since last request: 0.000025 seconds.
  path: Assets/Resources/YellowRobot.prefab
  artifactKey: Guid(d46c9d37ec808be45be665aeadd68629) Importer(815301076,1909f56bfc062723c751e8b465ee728b)
Start importing Assets/Resources/YellowRobot.prefab using Guid(d46c9d37ec808be45be665aeadd68629) Importer(815301076,1909f56bfc062723c751e8b465ee728b)  -> (artifact id: '40f6e5810a1e7968a08af114bdb3f76c') in 0.012951 seconds 
========================================================================
Received Import Request.
  Time since last request: 0.000019 seconds.
  path: Assets/Resources/RobotMissileYellow.prefab
  artifactKey: Guid(b01d0670dae754544a163a4b6932d91b) Importer(815301076,1909f56bfc062723c751e8b465ee728b)
Start importing Assets/Resources/RobotMissileYellow.prefab using Guid(b01d0670dae754544a163a4b6932d91b) Importer(815301076,1909f56bfc062723c751e8b465ee728b)  -> (artifact id: '5070617a72b90b091a2c385188baa45f') in 0.013639 seconds 
========================================================================
Received Import Request.
  Time since last request: 0.000021 seconds.
  path: Assets/Resources/RedRobot.prefab
  artifactKey: Guid(a6274e245433be044b0df9ffc907c5ed) Importer(815301076,1909f56bfc062723c751e8b465ee728b)
Start importing Assets/Resources/RedRobot.prefab using Guid(a6274e245433be044b0df9ffc907c5ed) Importer(815301076,1909f56bfc062723c751e8b465ee728b)  -> (artifact id: '33b41064c82d0c596794da3479992e28') in 0.013009 seconds 
========================================================================
Received Import Request.
  Time since last request: 0.000017 seconds.
  path: Assets/Resources/RobotMissileRed.prefab
  artifactKey: Guid(1eb0807ae2a745243ab50bbbf626a2f6) Importer(815301076,1909f56bfc062723c751e8b465ee728b)
Start importing Assets/Resources/RobotMissileRed.prefab using Guid(1eb0807ae2a745243ab50bbbf626a2f6) Importer(815301076,1909f56bfc062723c751e8b465ee728b)  -> (artifact id: '4b94f851c533c76bc8bfae3b5bcc631b') in 0.010891 seconds 
========================================================================
Received Import Request.
  Time since last request: 0.000017 seconds.
  path: Assets/Resources/RobotMissileBlue.prefab
  artifactKey: Guid(9976923b00f0fd34a98bc13985b75759) Importer(815301076,1909f56bfc062723c751e8b465ee728b)
Start importing Assets/Resources/RobotMissileBlue.prefab using Guid(9976923b00f0fd34a98bc13985b75759) Importer(815301076,1909f56bfc062723c751e8b465ee728b)  -> (artifact id: 'ea635ce56f2028f75b9e22b8285ef2c8') in 0.012012 seconds 
========================================================================
Received Import Request.
  Time since last request: 0.571149 seconds.
  path: Assets/Models/RobotMissile.prefab
  artifactKey: Guid(d2c78b2d67c97420287beecc1c341311) Importer(815301076,1909f56bfc062723c751e8b465ee728b)
Start importing Assets/Models/RobotMissile.prefab using Guid(d2c78b2d67c97420287beecc1c341311) Importer(815301076,1909f56bfc062723c751e8b465ee728b)  -> (artifact id: 'b4b87d9e97237e016a99f9c925fa94e1') in 0.012632 seconds 
========================================================================
Received Import Request.
  Time since last request: 0.000019 seconds.
  path: Assets/Models/RobotRampage_Pickup_Ammo.blend
  artifactKey: Guid(a69030052afe0437490b368f6f3a11b6) Importer(815301076,1909f56bfc062723c751e8b465ee728b)
Start importing Assets/Models/RobotRampage_Pickup_Ammo.blend using Guid(a69030052afe0437490b368f6f3a11b6) Importer(815301076,1909f56bfc062723c751e8b465ee728b)  -> (artifact id: '4ac707137a1cfdb8660324de8fd5244b') in 0.187202 seconds 
========================================================================
Received Import Request.
  Time since last request: 0.000020 seconds.
  path: Assets/Models/RobotRampage_ParticleSmoke.blend
  artifactKey: Guid(8745635dbac3a4f9a8c53624d16a3b54) Importer(815301076,1909f56bfc062723c751e8b465ee728b)
Start importing Assets/Models/RobotRampage_ParticleSmoke.blend using Guid(8745635dbac3a4f9a8c53624d16a3b54) Importer(815301076,1909f56bfc062723c751e8b465ee728b)  -> (artifact id: '0594e0e0e56bdfbfcb009e851879948d') in 0.015801 seconds 
========================================================================
Received Import Request.
  Time since last request: 0.000026 seconds.
  path: Assets/Models/RobotRampage_Pickup_Health.blend
  artifactKey: Guid(6c43464943ca24aeda68fdd20b321b41) Importer(815301076,1909f56bfc062723c751e8b465ee728b)
Start importing Assets/Models/RobotRampage_Pickup_Health.blend using Guid(6c43464943ca24aeda68fdd20b321b41) Importer(815301076,1909f56bfc062723c751e8b465ee728b)  -> (artifact id: '1b26c9be12b2e3e22e22c1f1081b83a5') in 0.050535 seconds 
========================================================================
Received Import Request.
  Time since last request: 0.000027 seconds.
  path: Assets/Models/RobotRampage_BotBall_v1.blend
  artifactKey: Guid(a2ac354ba9ee44b57a05ae6430047c1f) Importer(815301076,1909f56bfc062723c751e8b465ee728b)
Start importing Assets/Models/RobotRampage_BotBall_v1.blend using Guid(a2ac354ba9ee44b57a05ae6430047c1f) Importer(815301076,1909f56bfc062723c751e8b465ee728b)  -> (artifact id: '2a7550cec9445edb1c69961bcb5bfb3b') in 0.015674 seconds 
========================================================================
Received Import Request.
  Time since last request: 0.000022 seconds.
  path: Assets/Models/RobotRampage_Bot_TextureBlue.png
  artifactKey: Guid(0ac8ed0d652494fd29b4c921e018c988) Importer(815301076,1909f56bfc062723c751e8b465ee728b)
Start importing Assets/Models/RobotRampage_Bot_TextureBlue.png using Guid(0ac8ed0d652494fd29b4c921e018c988) Importer(815301076,1909f56bfc062723c751e8b465ee728b)  -> (artifact id: '60c07ff727686ae982621f5b0fd8e488') in 0.041437 seconds 
========================================================================
Received Import Request.
  Time since last request: 0.000017 seconds.
  path: Assets/Models/RobotRampage_Bot_TextureYellow.png
  artifactKey: Guid(5934243e71d3348e79e8488019641c9c) Importer(815301076,1909f56bfc062723c751e8b465ee728b)
Start importing Assets/Models/RobotRampage_Bot_TextureYellow.png using Guid(5934243e71d3348e79e8488019641c9c) Importer(815301076,1909f56bfc062723c751e8b465ee728b)  -> (artifact id: '0ddcf0335c464f7a945c407ddf343ead') in 0.010471 seconds 
========================================================================
Received Import Request.
  Time since last request: 0.000022 seconds.
  path: Assets/Models/RobotRampage_Pistol.fbx
  artifactKey: Guid(e4be631cda7f47448a35b76f4af4ab7d) Importer(815301076,1909f56bfc062723c751e8b465ee728b)
Start importing Assets/Models/RobotRampage_Pistol.fbx using Guid(e4be631cda7f47448a35b76f4af4ab7d) Importer(815301076,1909f56bfc062723c751e8b465ee728b)  -> (artifact id: 'f216e8252486df548512423c0abfe767') in 0.058904 seconds 
========================================================================
Received Import Request.
  Time since last request: 0.000020 seconds.
  path: Assets/Models/RobotRampage_Teleporter.blend
  artifactKey: Guid(426e8b241d26048d6a27c8e1d266ebdc) Importer(815301076,1909f56bfc062723c751e8b465ee728b)
Start importing Assets/Models/RobotRampage_Teleporter.blend using Guid(426e8b241d26048d6a27c8e1d266ebdc) Importer(815301076,1909f56bfc062723c751e8b465ee728b)  -> (artifact id: '713f7c7b36c440ab42ea2ad4137bafc2') in 0.078846 seconds 
========================================================================
Received Import Request.
  Time since last request: 0.858784 seconds.
  path: Assets/Materials/Blue.mat
  artifactKey: Guid(a346459d54863c2489ef67ed890637dd) Importer(815301076,1909f56bfc062723c751e8b465ee728b)
Start importing Assets/Materials/Blue.mat using Guid(a346459d54863c2489ef67ed890637dd) Importer(815301076,1909f56bfc062723c751e8b465ee728b)  -> (artifact id: 'ed554ab3698b4c8b11a4bb552443acbf') in 0.011635 seconds 
========================================================================
Received Import Request.
  Time since last request: 0.000019 seconds.
  path: Assets/Materials/Pink_Black_Texture.png
  artifactKey: Guid(7ec8ab2ac8245421f921fe8bee2db0a7) Importer(815301076,1909f56bfc062723c751e8b465ee728b)
Start importing Assets/Materials/Pink_Black_Texture.png using Guid(7ec8ab2ac8245421f921fe8bee2db0a7) Importer(815301076,1909f56bfc062723c751e8b465ee728b)  -> (artifact id: '166ba163f438f9e743ad39f03b562fdc') in 0.019308 seconds 
========================================================================
Received Import Request.
  Time since last request: 0.000018 seconds.
  path: Assets/Materials/RobotRampage_Pickup_Ammo-Material__RobotRampage_Bot_Texture_psd.mat
  artifactKey: Guid(d0c097ce106cbf54cbabd8da625e3518) Importer(815301076,1909f56bfc062723c751e8b465ee728b)
Start importing Assets/Materials/RobotRampage_Pickup_Ammo-Material__RobotRampage_Bot_Texture_psd.mat using Guid(d0c097ce106cbf54cbabd8da625e3518) Importer(815301076,1909f56bfc062723c751e8b465ee728b)  -> (artifact id: 'eeca073d02815f917892c68e1f5c3b43') in 0.012060 seconds 
========================================================================
Received Import Request.
  Time since last request: 0.000026 seconds.
  path: Assets/Materials/Pink_Grey_Texture.png
  artifactKey: Guid(e7506dc558c7c478e93518d35e86c2a2) Importer(815301076,1909f56bfc062723c751e8b465ee728b)
Start importing Assets/Materials/Pink_Grey_Texture.png using Guid(e7506dc558c7c478e93518d35e86c2a2) Importer(815301076,1909f56bfc062723c751e8b465ee728b)  -> (artifact id: '78ab64419bd3a8839b8fd75e23c7099e') in 0.017242 seconds 
========================================================================
Received Import Request.
  Time since last request: 0.000017 seconds.
  path: Assets/Materials/RobotRampage_Shotgun-Material.mat
  artifactKey: Guid(56c8cc44161de41648ec020366af201d) Importer(815301076,1909f56bfc062723c751e8b465ee728b)
Start importing Assets/Materials/RobotRampage_Shotgun-Material.mat using Guid(56c8cc44161de41648ec020366af201d) Importer(815301076,1909f56bfc062723c751e8b465ee728b)  -> (artifact id: '7caef387006a3087a82e09d2d96270f2') in 0.012739 seconds 
========================================================================
Received Import Request.
  Time since last request: 0.000023 seconds.
  path: Assets/Materials/Material.mat
  artifactKey: Guid(c36ad308e19b14e76a0d21e81574ea6d) Importer(815301076,1909f56bfc062723c751e8b465ee728b)
Start importing Assets/Materials/Material.mat using Guid(c36ad308e19b14e76a0d21e81574ea6d) Importer(815301076,1909f56bfc062723c751e8b465ee728b)  -> (artifact id: '1b1c945a1c8f2d91e600f8b818521ef7') in 0.011695 seconds 
========================================================================
Received Import Request.
  Time since last request: 0.000017 seconds.
  path: Assets/Materials/Pink_Texture.png
  artifactKey: Guid(080e2ee3e94e44e5fb927dd38d8812ad) Importer(815301076,1909f56bfc062723c751e8b465ee728b)
Start importing Assets/Materials/Pink_Texture.png using Guid(080e2ee3e94e44e5fb927dd38d8812ad) Importer(815301076,1909f56bfc062723c751e8b465ee728b)  -> (artifact id: 'b55d3f33a333b3afc16ac1daae8f2309') in 0.011642 seconds 
========================================================================
Received Import Request.
  Time since last request: 0.000020 seconds.
  path: Assets/Materials/RobotRampage_Bot_TextureYellow.mat
  artifactKey: Guid(c62aa3ad5ee0547eabb5dfc2a0af36f9) Importer(815301076,1909f56bfc062723c751e8b465ee728b)
Start importing Assets/Materials/RobotRampage_Bot_TextureYellow.mat using Guid(c62aa3ad5ee0547eabb5dfc2a0af36f9) Importer(815301076,1909f56bfc062723c751e8b465ee728b)  -> (artifact id: '675720582b4808ef7fc373f55a814d3f') in 0.010439 seconds 
========================================================================
Received Import Request.
  Time since last request: 0.000025 seconds.
  path: Assets/Materials/RobotRampage_AssaultRifle-Material__RobotRampage_Bot_Texture_psd.mat
  artifactKey: Guid(106c57e8b715046efa0019d9aee120f1) Importer(815301076,1909f56bfc062723c751e8b465ee728b)
Start importing Assets/Materials/RobotRampage_AssaultRifle-Material__RobotRampage_Bot_Texture_psd.mat using Guid(106c57e8b715046efa0019d9aee120f1) Importer(815301076,1909f56bfc062723c751e8b465ee728b)  -> (artifact id: '17474a6686f055117bd4459d2e948e04') in 0.010935 seconds 
========================================================================
Received Import Request.
  Time since last request: 0.000023 seconds.
  path: Assets/Materials/Yellow.mat
  artifactKey: Guid(a2d8e5b65dcd1f846aaf608ef27d4b99) Importer(815301076,1909f56bfc062723c751e8b465ee728b)
Start importing Assets/Materials/Yellow.mat using Guid(a2d8e5b65dcd1f846aaf608ef27d4b99) Importer(815301076,1909f56bfc062723c751e8b465ee728b)  -> (artifact id: '9e3bc93ef365fe30ce7e0d2a4cb2d37d') in 0.011334 seconds 
========================================================================
Received Import Request.
  Time since last request: 0.000028 seconds.
  path: Assets/Materials/Main_Material.mat
  artifactKey: Guid(59f19f2b3b0424574bcf156e2c6ec425) Importer(815301076,1909f56bfc062723c751e8b465ee728b)
Start importing Assets/Materials/Main_Material.mat using Guid(59f19f2b3b0424574bcf156e2c6ec425) Importer(815301076,1909f56bfc062723c751e8b465ee728b)  -> (artifact id: 'e69aa4778dfd115af07543c0bbbcc831') in 0.010714 seconds 
========================================================================
Received Import Request.
  Time since last request: 0.000018 seconds.
  path: Assets/Materials/Material__RobotRampage_Bot_Texture_psd.mat
  artifactKey: Guid(3c2a6c2fb997c46728633c70ec84999a) Importer(815301076,1909f56bfc062723c751e8b465ee728b)
Start importing Assets/Materials/Material__RobotRampage_Bot_Texture_psd.mat using Guid(3c2a6c2fb997c46728633c70ec84999a) Importer(815301076,1909f56bfc062723c751e8b465ee728b)  -> (artifact id: 'f640392e713ec4d7630dd5dc60d57568') in 0.010688 seconds 
========================================================================
Received Import Request.
  Time since last request: 0.000022 seconds.
  path: Assets/Materials/RobotRampage_Bot_Texture.mat
  artifactKey: Guid(4ccd3e09db1b94e769fdb243fd44ab27) Importer(815301076,1909f56bfc062723c751e8b465ee728b)
Start importing Assets/Materials/RobotRampage_Bot_Texture.mat using Guid(4ccd3e09db1b94e769fdb243fd44ab27) Importer(815301076,1909f56bfc062723c751e8b465ee728b)  -> (artifact id: 'acec11148926cb12d2f9f2fc34b84919') in 0.011574 seconds 
========================================================================
Received Import Request.
  Time since last request: 0.000021 seconds.
  path: Assets/Materials/RobotRampage_Pickup_Ammo1-Material__RobotRampage_Bot_Texture_psd.mat
  artifactKey: Guid(9b8450b8e9a2e43f5b9eac9fe61d3ccf) Importer(815301076,1909f56bfc062723c751e8b465ee728b)
Start importing Assets/Materials/RobotRampage_Pickup_Ammo1-Material__RobotRampage_Bot_Texture_psd.mat using Guid(9b8450b8e9a2e43f5b9eac9fe61d3ccf) Importer(815301076,1909f56bfc062723c751e8b465ee728b)  -> (artifact id: 'fc50eaf8fc42291ebeb6effd47782ad4') in 0.010883 seconds 
========================================================================
Received Import Request.
  Time since last request: 0.000022 seconds.
  path: Assets/Materials/RobotRampage_Shotgun-Material__RobotRampage_Bot_Texture_psd.mat
  artifactKey: Guid(8232899ac3aaf4198b1e86d144850240) Importer(815301076,1909f56bfc062723c751e8b465ee728b)
Start importing Assets/Materials/RobotRampage_Shotgun-Material__RobotRampage_Bot_Texture_psd.mat using Guid(8232899ac3aaf4198b1e86d144850240) Importer(815301076,1909f56bfc062723c751e8b465ee728b)  -> (artifact id: '2f4fca8b5a11cec21259eb89ba0541e2') in 0.011119 seconds 
========================================================================
Received Prepare
Registering precompiled user dll's ...
Registered in 0.002804 seconds.
Begin MonoManager ReloadAssembly
Symbol file LoadedFromMemory doesn't match image D:\School\GAME 312\Lab 2 - Robot Rampage 2022\Library\PackageCache\com.unity.visualscripting@1.7.6\Editor\VisualScripting.Core\Dependencies\YamlDotNet\Unity.VisualScripting.YamlDotNet.dll
Symbol file LoadedFromMemory doesn't match image D:\School\GAME 312\Lab 2 - Robot Rampage 2022\Library\PackageCache\com.unity.visualscripting@1.7.6\Editor\VisualScripting.Core\Dependencies\DotNetZip\Unity.VisualScripting.IonicZip.dll
Native extension for WindowsStandalone target not found
Refreshing native plugins compatible for Editor in 0.68 ms, found 3 plugins.
Preloading 0 native plugins for Editor in 0.00 ms.
Mono: successfully reloaded assembly
- Completed reload, in  0.844 seconds
Domain Reload Profiling:
	ReloadAssembly (845ms)
		BeginReloadAssembly (123ms)
			ExecutionOrderSort (0ms)
			DisableScriptedObjects (4ms)
			BackupInstance (0ms)
			ReleaseScriptingObjects (0ms)
			CreateAndSetChildDomain (36ms)
		EndReloadAssembly (645ms)
			LoadAssemblies (75ms)
			RebuildTransferFunctionScriptingTraits (0ms)
			SetupTypeCache (199ms)
			ReleaseScriptCaches (2ms)
			RebuildScriptCaches (38ms)
			SetupLoadedEditorAssemblies (303ms)
				LogAssemblyErrors (0ms)
				InitializePlatformSupportModulesInManaged (12ms)
				SetLoadedEditorAssemblies (0ms)
				RefreshPlugins (1ms)
				BeforeProcessingInitializeOnLoad (56ms)
				ProcessInitializeOnLoadAttributes (194ms)
				ProcessInitializeOnLoadMethodAttributes (29ms)
				AfterProcessingInitializeOnLoad (11ms)
				EditorAssembliesLoaded (0ms)
			ExecutionOrderSort2 (0ms)
			AwakeInstancesAfterBackupRestoration (5ms)
Platform modules already initialized, skipping
Refreshing native plugins compatible for Editor in 1.34 ms, found 3 plugins.
Preloading 0 native plugins for Editor in 0.00 ms.
Unloading 3233 Unused Serialized files (Serialized files now loaded: 0)
Unloading 16 unused Assets / (24.6 KB). Loaded Objects now: 3750.
Memory consumption went from 116.3 MB to 116.2 MB.
Total: 2.566000 ms (FindLiveObjects: 0.243500 ms CreateObjectMapping: 0.145200 ms MarkObjects: 2.159800 ms  DeleteObjects: 0.016500 ms)

AssetImportParameters requested are different than current active one (requested -> active):
  custom:video-decoder-ogg-theora: a1e56fd34408186e4bbccfd4996cb3dc -> 
  custom:container-muxer-webm: aa71ff27fc2769a1b78a27578f13a17b -> 
  custom:container-demuxer-webm: 4f35f7cbe854078d1ac9338744f61a02 -> 
  custom:video-encoder-webm-vp8: eb34c28f22e8b96e1ab97ce403110664 -> 
  custom:audio-encoder-webm-vorbis: bf7c407c2cedff20999df2af8eb42d56 -> 
  custom:framework-win-MediaFoundation: 216162199b28c13a410421893ffa2e32 -> 
  custom:container-demuxer-ogg: 62fdf1f143b41e24485cea50d1cbac27 -> 
  custom:video-decoder-webm-vp8: 9c59270c3fd7afecdb556c50c9e8de78 -> 
  custom:audio-decoder-ogg-vorbis: bf7c407c2cedff20999df2af8eb42d56 -> 
