Using pre-set license
Built from '2021.3/staging' branch; Version is '2021.3.3f1 (af2e63e8f9bd) revision 11480675'; Using compiler version '192829333'; Build Type 'Release'
OS: 'Windows 10  (10.0.19044) 64bit Professional' Language: 'en' Physical Memory: 16298 MB
BatchMode: 1, IsHumanControllingUs: 0, StartBugReporterOnCrash: 0, Is64bit: 1, IsPro: 1

COMMAND LINE ARGUMENTS:
C:\Program Files\Unity\Hub\Editor\2021.3.3f1\Editor\Unity.exe
-adb2
-batchMode
-noUpm
-name
AssetImportWorker2
-projectPath
D:/School/GAME 312/Lab 2 - Robot Rampage 2022
-logFile
Logs/AssetImportWorker2.log
-srvPort
54626
Successfully changed project path to: D:/School/GAME 312/Lab 2 - Robot Rampage 2022
D:/School/GAME 312/Lab 2 - Robot Rampage 2022
[UnityMemory] Configuration Parameters - Can be set up in boot.config
    "memorysetup-bucket-allocator-granularity=16"
    "memorysetup-bucket-allocator-bucket-count=8"
    "memorysetup-bucket-allocator-block-size=33554432"
    "memorysetup-bucket-allocator-block-count=8"
    "memorysetup-main-allocator-block-size=16777216"
    "memorysetup-thread-allocator-block-size=16777216"
    "memorysetup-gfx-main-allocator-block-size=16777216"
    "memorysetup-gfx-thread-allocator-block-size=16777216"
    "memorysetup-cache-allocator-block-size=4194304"
    "memorysetup-typetree-allocator-block-size=2097152"
    "memorysetup-profiler-bucket-allocator-granularity=16"
    "memorysetup-profiler-bucket-allocator-bucket-count=8"
    "memorysetup-profiler-bucket-allocator-block-size=33554432"
    "memorysetup-profiler-bucket-allocator-block-count=8"
    "memorysetup-profiler-allocator-block-size=16777216"
    "memorysetup-profiler-editor-allocator-block-size=1048576"
    "memorysetup-temp-allocator-size-main=16777216"
    "memorysetup-job-temp-allocator-block-size=2097152"
    "memorysetup-job-temp-allocator-block-size-background=1048576"
    "memorysetup-job-temp-allocator-reduction-small-platforms=262144"
    "memorysetup-temp-allocator-size-background-worker=32768"
    "memorysetup-temp-allocator-size-job-worker=262144"
    "memorysetup-temp-allocator-size-preload-manager=33554432"
    "memorysetup-temp-allocator-size-nav-mesh-worker=65536"
    "memorysetup-temp-allocator-size-audio-worker=65536"
    "memorysetup-temp-allocator-size-cloud-worker=32768"
    "memorysetup-temp-allocator-size-gi-baking-worker=262144"
    "memorysetup-temp-allocator-size-gfx=262144"
Refreshing native plugins compatible for Editor in 69.43 ms, found 3 plugins.
Preloading 0 native plugins for Editor in 0.00 ms.
Initialize engine version: 2021.3.3f1 (af2e63e8f9bd)
[Subsystems] Discovering subsystems at path C:/Program Files/Unity/Hub/Editor/2021.3.3f1/Editor/Data/Resources/UnitySubsystems
[Subsystems] Discovering subsystems at path D:/School/GAME 312/Lab 2 - Robot Rampage 2022/Assets
GfxDevice: creating device client; threaded=0; jobified=0
Direct3D:
    Version:  Direct3D 11.0 [level 11.1]
    Renderer: AMD Radeon RX 6700 XT (ID=0x73df)
    Vendor:   ATI
    VRAM:     12243 MB
    Driver:   30.0.15002.1004
Initialize mono
Mono path[0] = 'C:/Program Files/Unity/Hub/Editor/2021.3.3f1/Editor/Data/Managed'
Mono path[1] = 'C:/Program Files/Unity/Hub/Editor/2021.3.3f1/Editor/Data/MonoBleedingEdge/lib/mono/unityjit-win32'
Mono config path = 'C:/Program Files/Unity/Hub/Editor/2021.3.3f1/Editor/Data/MonoBleedingEdge/etc'
Using monoOptions --debugger-agent=transport=dt_socket,embedding=1,server=y,suspend=n,address=127.0.0.1:56220
Begin MonoManager ReloadAssembly
Registering precompiled unity dll's ...
Register platform support module: C:/Program Files/Unity/Hub/Editor/2021.3.3f1/Editor/Data/PlaybackEngines/WindowsStandaloneSupport/UnityEditor.WindowsStandalone.Extensions.dll
Registered in 0.006162 seconds.
Native extension for WindowsStandalone target not found
Refreshing native plugins compatible for Editor in 59.42 ms, found 3 plugins.
Preloading 0 native plugins for Editor in 0.00 ms.
Mono: successfully reloaded assembly
- Completed reload, in  0.478 seconds
Domain Reload Profiling:
	ReloadAssembly (479ms)
		BeginReloadAssembly (58ms)
			ExecutionOrderSort (0ms)
			DisableScriptedObjects (0ms)
			BackupInstance (0ms)
			ReleaseScriptingObjects (0ms)
			CreateAndSetChildDomain (1ms)
		EndReloadAssembly (336ms)
			LoadAssemblies (55ms)
			RebuildTransferFunctionScriptingTraits (0ms)
			SetupTypeCache (69ms)
			ReleaseScriptCaches (0ms)
			RebuildScriptCaches (19ms)
			SetupLoadedEditorAssemblies (210ms)
				LogAssemblyErrors (0ms)
				InitializePlatformSupportModulesInManaged (6ms)
				SetLoadedEditorAssemblies (0ms)
				RefreshPlugins (59ms)
				BeforeProcessingInitializeOnLoad (1ms)
				ProcessInitializeOnLoadAttributes (103ms)
				ProcessInitializeOnLoadMethodAttributes (40ms)
				AfterProcessingInitializeOnLoad (0ms)
				EditorAssembliesLoaded (0ms)
			ExecutionOrderSort2 (0ms)
			AwakeInstancesAfterBackupRestoration (0ms)
Platform modules already initialized, skipping
Registering precompiled user dll's ...
Registered in 0.002914 seconds.
Begin MonoManager ReloadAssembly
Symbol file LoadedFromMemory doesn't match image D:\School\GAME 312\Lab 2 - Robot Rampage 2022\Library\PackageCache\com.unity.visualscripting@1.7.6\Editor\VisualScripting.Core\Dependencies\YamlDotNet\Unity.VisualScripting.YamlDotNet.dll
Symbol file LoadedFromMemory doesn't match image D:\School\GAME 312\Lab 2 - Robot Rampage 2022\Library\PackageCache\com.unity.visualscripting@1.7.6\Editor\VisualScripting.Core\Dependencies\DotNetZip\Unity.VisualScripting.IonicZip.dll
Native extension for WindowsStandalone target not found
Refreshing native plugins compatible for Editor in 0.67 ms, found 3 plugins.
Preloading 0 native plugins for Editor in 0.00 ms.
Mono: successfully reloaded assembly
- Completed reload, in  0.663 seconds
Domain Reload Profiling:
	ReloadAssembly (664ms)
		BeginReloadAssembly (82ms)
			ExecutionOrderSort (0ms)
			DisableScriptedObjects (4ms)
			BackupInstance (0ms)
			ReleaseScriptingObjects (0ms)
			CreateAndSetChildDomain (16ms)
		EndReloadAssembly (500ms)
			LoadAssemblies (54ms)
			RebuildTransferFunctionScriptingTraits (0ms)
			SetupTypeCache (137ms)
			ReleaseScriptCaches (1ms)
			RebuildScriptCaches (34ms)
			SetupLoadedEditorAssemblies (253ms)
				LogAssemblyErrors (0ms)
				InitializePlatformSupportModulesInManaged (5ms)
				SetLoadedEditorAssemblies (0ms)
				RefreshPlugins (1ms)
				BeforeProcessingInitializeOnLoad (56ms)
				ProcessInitializeOnLoadAttributes (165ms)
				ProcessInitializeOnLoadMethodAttributes (19ms)
				AfterProcessingInitializeOnLoad (7ms)
				EditorAssembliesLoaded (0ms)
			ExecutionOrderSort2 (0ms)
			AwakeInstancesAfterBackupRestoration (4ms)
Platform modules already initialized, skipping
========================================================================
Worker process is ready to serve import requests
Launched and connected shader compiler UnityShaderCompiler.exe after 0.04 seconds
Refreshing native plugins compatible for Editor in 0.66 ms, found 3 plugins.
Preloading 0 native plugins for Editor in 0.00 ms.
Unloading 3381 Unused Serialized files (Serialized files now loaded: 0)
Unloading 25 unused Assets / (444.2 KB). Loaded Objects now: 3847.
Memory consumption went from 126.0 MB to 125.6 MB.
Total: 2.740800 ms (FindLiveObjects: 0.199900 ms CreateObjectMapping: 0.077500 ms MarkObjects: 2.253100 ms  DeleteObjects: 0.209600 ms)

AssetImportParameters requested are different than current active one (requested -> active):
  custom:video-decoder-ogg-theora: a1e56fd34408186e4bbccfd4996cb3dc -> 
  custom:container-muxer-webm: aa71ff27fc2769a1b78a27578f13a17b -> 
  custom:container-demuxer-webm: 4f35f7cbe854078d1ac9338744f61a02 -> 
  custom:video-encoder-webm-vp8: eb34c28f22e8b96e1ab97ce403110664 -> 
  custom:audio-encoder-webm-vorbis: bf7c407c2cedff20999df2af8eb42d56 -> 
  custom:framework-win-MediaFoundation: 216162199b28c13a410421893ffa2e32 -> 
  custom:container-demuxer-ogg: 62fdf1f143b41e24485cea50d1cbac27 -> 
  custom:video-decoder-webm-vp8: 9c59270c3fd7afecdb556c50c9e8de78 -> 
  custom:audio-decoder-ogg-vorbis: bf7c407c2cedff20999df2af8eb42d56 -> 
========================================================================
Received Import Request.
  Time since last request: 61478.590235 seconds.
  path: Assets/Resources/PickupHealth.prefab
  artifactKey: Guid(f5e95b12a937f0d4995d12cf6a35495a) Importer(815301076,1909f56bfc062723c751e8b465ee728b)
Start importing Assets/Resources/PickupHealth.prefab using Guid(f5e95b12a937f0d4995d12cf6a35495a) Importer(815301076,1909f56bfc062723c751e8b465ee728b)  -> (artifact id: '33fad2907839b888d606ce3a1403141c') in 0.107791 seconds 
========================================================================
Received Import Request.
  Time since last request: 0.000022 seconds.
  path: Assets/Resources/PickupAmmoShotgun.prefab
  artifactKey: Guid(f63c0b459fd76144792bca76fd75aa66) Importer(815301076,1909f56bfc062723c751e8b465ee728b)
Start importing Assets/Resources/PickupAmmoShotgun.prefab using Guid(f63c0b459fd76144792bca76fd75aa66) Importer(815301076,1909f56bfc062723c751e8b465ee728b)  -> (artifact id: '96d7805889d6f7c219dab22d2751ba87') in 0.014085 seconds 
========================================================================
Received Import Request.
  Time since last request: 0.000025 seconds.
  path: Assets/Resources/PickupArmor.prefab
  artifactKey: Guid(ad56adbfc10cea94ab0f1c6d3abdf578) Importer(815301076,1909f56bfc062723c751e8b465ee728b)
Start importing Assets/Resources/PickupArmor.prefab using Guid(ad56adbfc10cea94ab0f1c6d3abdf578) Importer(815301076,1909f56bfc062723c751e8b465ee728b)  -> (artifact id: '038a8a20adfc4003c1050d735b9fab02') in 0.012639 seconds 
========================================================================
Received Import Request.
  Time since last request: 14.758932 seconds.
  path: Assets/Resources/PickupAmmoAssaultRifle.prefab
  artifactKey: Guid(9f832004461f1284d9d497e0fae5093f) Importer(815301076,1909f56bfc062723c751e8b465ee728b)
Start importing Assets/Resources/PickupAmmoAssaultRifle.prefab using Guid(9f832004461f1284d9d497e0fae5093f) Importer(815301076,1909f56bfc062723c751e8b465ee728b)  -> (artifact id: 'c0a05dbfe665d93f0d297acf56bfaa6d') in 0.036013 seconds 
========================================================================
Received Import Request.
  Time since last request: 0.000019 seconds.
  path: Assets/Resources/PickupArmor.prefab
  artifactKey: Guid(ad56adbfc10cea94ab0f1c6d3abdf578) Importer(815301076,1909f56bfc062723c751e8b465ee728b)
Start importing Assets/Resources/PickupArmor.prefab using Guid(ad56adbfc10cea94ab0f1c6d3abdf578) Importer(815301076,1909f56bfc062723c751e8b465ee728b)  -> (artifact id: 'e5fffbf2b8bff5f8ffb2df1b591b5302') in 0.007340 seconds 
========================================================================
Received Import Request.
  Time since last request: 1.270348 seconds.
  path: Assets/Resources/PickupAmmoAssaultRifle.prefab
  artifactKey: Guid(9f832004461f1284d9d497e0fae5093f) Importer(815301076,1909f56bfc062723c751e8b465ee728b)
Start importing Assets/Resources/PickupAmmoAssaultRifle.prefab using Guid(9f832004461f1284d9d497e0fae5093f) Importer(815301076,1909f56bfc062723c751e8b465ee728b)  -> (artifact id: '7fe2ce56cf1609849373cc491ca11d9d') in 0.071128 seconds 
========================================================================
Received Import Request.
  Time since last request: 0.000017 seconds.
  path: Assets/Resources/PickupArmor.prefab
  artifactKey: Guid(ad56adbfc10cea94ab0f1c6d3abdf578) Importer(815301076,1909f56bfc062723c751e8b465ee728b)
Start importing Assets/Resources/PickupArmor.prefab using Guid(ad56adbfc10cea94ab0f1c6d3abdf578) Importer(815301076,1909f56bfc062723c751e8b465ee728b)  -> (artifact id: '53104173d1b774348ebfe1b6d757df37') in 0.007202 seconds 
========================================================================
Received Import Request.
  Time since last request: 20.414077 seconds.
  path: Assets/Resources/PickupAmmoAssaultRifle.prefab
  artifactKey: Guid(9f832004461f1284d9d497e0fae5093f) Importer(815301076,1909f56bfc062723c751e8b465ee728b)
Start importing Assets/Resources/PickupAmmoAssaultRifle.prefab using Guid(9f832004461f1284d9d497e0fae5093f) Importer(815301076,1909f56bfc062723c751e8b465ee728b)  -> (artifact id: '84549f0f38a0f1faf1091de77d282bd8') in 0.041200 seconds 
========================================================================
Received Import Request.
  Time since last request: 0.000014 seconds.
  path: Assets/Resources/PickupArmor.prefab
  artifactKey: Guid(ad56adbfc10cea94ab0f1c6d3abdf578) Importer(815301076,1909f56bfc062723c751e8b465ee728b)
Start importing Assets/Resources/PickupArmor.prefab using Guid(ad56adbfc10cea94ab0f1c6d3abdf578) Importer(815301076,1909f56bfc062723c751e8b465ee728b)  -> (artifact id: 'fa116930c83e9fde0c01c809c53ddba9') in 0.007080 seconds 
========================================================================
Received Import Request.
  Time since last request: 4.293875 seconds.
  path: Assets/Resources/PickupAmmoAssaultRifle.prefab
  artifactKey: Guid(9f832004461f1284d9d497e0fae5093f) Importer(815301076,1909f56bfc062723c751e8b465ee728b)
Start importing Assets/Resources/PickupAmmoAssaultRifle.prefab using Guid(9f832004461f1284d9d497e0fae5093f) Importer(815301076,1909f56bfc062723c751e8b465ee728b)  -> (artifact id: '8fd38553a2f968a01e217411fe7bc6a1') in 0.133011 seconds 
========================================================================
Received Import Request.
  Time since last request: 0.000017 seconds.
  path: Assets/Resources/PickupArmor.prefab
  artifactKey: Guid(ad56adbfc10cea94ab0f1c6d3abdf578) Importer(815301076,1909f56bfc062723c751e8b465ee728b)
Start importing Assets/Resources/PickupArmor.prefab using Guid(ad56adbfc10cea94ab0f1c6d3abdf578) Importer(815301076,1909f56bfc062723c751e8b465ee728b)  -> (artifact id: 'f443fddf3db33abd0829a67ed5d4f879') in 0.006747 seconds 
========================================================================
Received Import Request.
  Time since last request: 0.858132 seconds.
  path: Assets/Resources/PickupAmmoAssaultRifle.prefab
  artifactKey: Guid(9f832004461f1284d9d497e0fae5093f) Importer(815301076,1909f56bfc062723c751e8b465ee728b)
Start importing Assets/Resources/PickupAmmoAssaultRifle.prefab using Guid(9f832004461f1284d9d497e0fae5093f) Importer(815301076,1909f56bfc062723c751e8b465ee728b)  -> (artifact id: 'cf5a97d2272399555bfcd45a0021d327') in 0.041601 seconds 
========================================================================
Received Import Request.
  Time since last request: 0.000021 seconds.
  path: Assets/Resources/PickupArmor.prefab
  artifactKey: Guid(ad56adbfc10cea94ab0f1c6d3abdf578) Importer(815301076,1909f56bfc062723c751e8b465ee728b)
Start importing Assets/Resources/PickupArmor.prefab using Guid(ad56adbfc10cea94ab0f1c6d3abdf578) Importer(815301076,1909f56bfc062723c751e8b465ee728b)  -> (artifact id: '143f478dbb62eca802ba059fd9607687') in 0.006957 seconds 
========================================================================
Received Import Request.
  Time since last request: 5.384500 seconds.
  path: Assets/Resources/PickupAmmoAssaultRifle.prefab
  artifactKey: Guid(9f832004461f1284d9d497e0fae5093f) Importer(815301076,1909f56bfc062723c751e8b465ee728b)
Start importing Assets/Resources/PickupAmmoAssaultRifle.prefab using Guid(9f832004461f1284d9d497e0fae5093f) Importer(815301076,1909f56bfc062723c751e8b465ee728b)  -> (artifact id: '61d8ff7a0357d08b4164e7c0a36431d7') in 0.083753 seconds 
========================================================================
Received Import Request.
  Time since last request: 0.000018 seconds.
  path: Assets/Resources/PickupArmor.prefab
  artifactKey: Guid(ad56adbfc10cea94ab0f1c6d3abdf578) Importer(815301076,1909f56bfc062723c751e8b465ee728b)
Start importing Assets/Resources/PickupArmor.prefab using Guid(ad56adbfc10cea94ab0f1c6d3abdf578) Importer(815301076,1909f56bfc062723c751e8b465ee728b)  -> (artifact id: '16c973de9cc786023ffbf101ebebc9a7') in 0.007956 seconds 
========================================================================
Received Import Request.
  Time since last request: 4063.576456 seconds.
  path: Assets/Materials/RobotRampage_Bot_TextureYellow.mat
  artifactKey: Guid(c62aa3ad5ee0547eabb5dfc2a0af36f9) Importer(815301076,1909f56bfc062723c751e8b465ee728b)
Start importing Assets/Materials/RobotRampage_Bot_TextureYellow.mat using Guid(c62aa3ad5ee0547eabb5dfc2a0af36f9) Importer(815301076,1909f56bfc062723c751e8b465ee728b)  -> (artifact id: 'f2fd3d32408b0a66dd94a6a822ec36f8') in 0.068323 seconds 
